<?xml version="1.0" encoding="UTF-8"?>
<!-- Generated by org.testng.reporters.JUnitReportReporter -->
<testsuite hostname="ArunMotoori" failures="0" tests="2" name="letcodepractice.WindowsDemo" time="27.674" errors="0" timestamp="2024-04-08T17:37:01 IST" skipped="0">
  <testcase classname="letcodepractice.WindowsDemo" name="handlingWindowsTestTwo" time="13.025"/>
  <testcase classname="letcodepractice.WindowsDemo" name="handlingWindowsTestOne" time="14.649"/>
</testsuite> <!-- letcodepractice.WindowsDemo -->
