<?xml version="1.0" encoding="UTF-8"?>
<!-- Generated by org.testng.reporters.JUnitReportReporter -->
<testsuite hostname="ArunMotoori" failures="0" tests="1" name="registerpack.TCRF001" time="16.237" errors="0" timestamp="2023-12-27T19:31:05 IST" skipped="0">
  <testcase classname="registerpack.TCRF001" name="registerAccountWithMandatoryFields" time="16.237"/>
</testsuite> <!-- registerpack.TCRF001 -->
