<?xml version="1.0" encoding="UTF-8"?>
<!-- Generated by org.testng.reporters.JUnitReportReporter -->
<testsuite hostname="ArunMotoori" failures="0" tests="1" name="registerpack.RegisterAccountTests" time="20.313" errors="0" timestamp="2023-12-28T17:29:55 IST" skipped="0">
  <testcase classname="registerpack.RegisterAccountTests" name="registerAccountBySelectingNoNewsletterOption" time="20.313"/>
</testsuite> <!-- registerpack.RegisterAccountTests -->
