<?xml version="1.0" encoding="UTF-8"?>
<!-- Generated by org.testng.reporters.JUnitReportReporter -->
<testsuite hostname="ArunMotoori" failures="0" tests="1" name="registerpack.RegisterAccountTests" time="32.649" errors="0" timestamp="2024-01-09T18:41:33 IST" skipped="0">
  <testcase classname="registerpack.RegisterAccountTests" name="registerAccountUsingKeyboardKeys" time="32.649"/>
</testsuite> <!-- registerpack.RegisterAccountTests -->
