<?xml version="1.0" encoding="UTF-8"?>
<!-- Generated by org.testng.reporters.JUnitReportReporter -->
<testsuite hostname="ArunMotoori" failures="0" tests="1" name="registerpack.RegisterAccountTests" time="13.159" errors="0" timestamp="2024-01-10T18:59:53 IST" skipped="0">
  <testcase classname="registerpack.RegisterAccountTests" name="regiserAccountPlaceholdersChecking" time="13.159"/>
</testsuite> <!-- registerpack.RegisterAccountTests -->
