<?xml version="1.0" encoding="UTF-8"?>
<!-- Generated by org.testng.reporters.JUnitReportReporter -->
<testsuite hostname="ArunMotoori" failures="0" tests="1" name="registerpack.RegisterAccountTests" time="17.533" errors="0" timestamp="2023-12-27T19:41:58 IST" skipped="0">
  <testcase classname="registerpack.RegisterAccountTests" name="registerAccountWithAllFields" time="17.533"/>
</testsuite> <!-- registerpack.RegisterAccountTests -->
