<?xml version="1.0" encoding="UTF-8"?>
<!-- Generated by org.testng.reporters.JUnitReportReporter -->
<testsuite hostname="ArunMotoori" failures="0" tests="8" name="registerpack.RegisterAccountTests" time="101.987" errors="0" timestamp="2023-12-29T17:19:13 IST" skipped="0">
  <testcase classname="registerpack.RegisterAccountTests" name="registerAccountWithMandatoryFields" time="16.475"/>
  <testcase classname="registerpack.RegisterAccountTests" name="registerAccountWithAllFields" time="13.109"/>
  <testcase classname="registerpack.RegisterAccountTests" name="registerWithoutProvidingAnyFields" time="9.299"/>
  <testcase classname="registerpack.RegisterAccountTests" name="registerAccountBySelectingYesNewsletterOption" time="13.810"/>
  <testcase classname="registerpack.RegisterAccountTests" name="registerAccountBySelectingNoNewsletterOption" time="14.817"/>
  <testcase classname="registerpack.RegisterAccountTests" name="registerAccountPageNavigationsDifferentWays" time="11.205"/>
  <testcase classname="registerpack.RegisterAccountTests" name="registerAccountByProvidingMismatchingPasswords" time="11.812"/>
  <testcase classname="registerpack.RegisterAccountTests" name="registerDuplicateAccountWithSameEmail" time="11.460"/>
</testsuite> <!-- registerpack.RegisterAccountTests -->
