<?xml version="1.0" encoding="UTF-8"?>
<!-- Generated by org.testng.reporters.JUnitReportReporter -->
<testsuite hostname="ArunMotoori" failures="0" tests="4" name="registerpack.RegisterAccountTests" time="0.022" errors="0" timestamp="2024-01-02T17:46:39 IST" skipped="0">
  <testcase classname="registerpack.RegisterAccountTests" name="registerAccountUsingInvalidEmailAddress" time="0.002"/>
  <testcase classname="registerpack.RegisterAccountTests" name="registerAccountUsingInvalidEmailAddress" time="0.014"/>
  <testcase classname="registerpack.RegisterAccountTests" name="registerAccountUsingInvalidEmailAddress" time="0.002"/>
  <testcase classname="registerpack.RegisterAccountTests" name="registerAccountUsingInvalidEmailAddress" time="0.004"/>
</testsuite> <!-- registerpack.RegisterAccountTests -->
