<?xml version="1.0" encoding="UTF-8"?>
<!-- Generated by org.testng.reporters.JUnitReportReporter -->
<testsuite hostname="ArunMotoori" failures="0" tests="1" name="bookcartpack.AddToCartDemo" time="24.910" errors="0" timestamp="2024-04-06T18:00:10 IST" skipped="0">
  <testcase classname="bookcartpack.AddToCartDemo" name="addingItemsToCartTestCaseOne" time="24.910"/>
</testsuite> <!-- bookcartpack.AddToCartDemo -->
